{"defaultnode":"http://localhost:8545","gas":3700000,"confirmation":12,"disable-deterministic-oar":false,"loglevel":"info","non-interactive":false,"enable-stats":false,"no-hints":false,"gasprice":20000000000,"logFilePath":"./bridge.log","confirmations":12,"defaultGas":3700000,"level":"debug","message":"parsed options","timestamp":"2019-03-13T00:22:38.229Z"}
{"level":"info","message":"you are running ethereum-bridge - version: 0.6.2","timestamp":"2019-03-13T00:22:38.232Z"}
{"level":"info","message":"saving logs to: ./bridge.log","timestamp":"2019-03-13T00:22:38.232Z"}
{"level":"info","message":"using active mode","timestamp":"2019-03-13T00:22:38.233Z"}
{"level":"info","message":"Connecting to eth node http://localhost:8545","timestamp":"2019-03-13T00:22:38.233Z"}
{"result":{"quotes":{"ETH":0.00000277,"USD":0.001,"BTC":2.3e-7,"EUR":0.0008264},"deployments":{"ethereum":{"public-kovan":{"addressResolver":"0xB7A07BcF2Ba2f2703b24C0691b5278999C59AC7e"},"public-mainnet":{"addressResolver":"0x1d3B2638a7cC9f2CB3D298A3DA7a90B67E5506ed"},"public-ropsten3":{"addressResolver":"0xc03A2615D5efaf5F49F60B7BB6583eaec212fdf1"},"public-rinkeby":{"addressResolver":"0x146500cfd35B22E4A392Fe0aDc06De1a1368Ed48"}}},"distributions":{"rootstock-bridge":{"motd":"","latest":{"version":"0.5.4"}},"eris-bridge":{"motd":"","latest":{"version":"0.1.0"}},"blockapps-bridge":{"motd":"","latest":{"version":"0.5.4"}},"ethereum-bridge":{"motd":"","latest":{"version":"0.5.4"}}},"datasources":{"random":{"sessionPubKeysHash":["0xd937716ea46c0fb8f804f392eb5e00c2667262d1842017eae4f2202943ec1782"]}},"pricing":{"proofs":{"0":{"units":0,"description":"None"},"16":{"units":40,"description":"TLSNotary"},"32":{"units":40,"description":"Android"},"48":{"units":0,"description":"Ledger"}},"datasources":[{"units":10,"proof_types":[0],"name":"IPFS"},{"units":10,"proof_types":[0],"name":"swarm"},{"units":10,"proof_types":[0,16,32],"name":"URL"},{"units":10,"proof_types":[0],"name":"Blockchain"},{"units":10,"proof_types":[0,16,32],"name":"nested"},{"units":30,"proof_types":[0],"name":"WolframAlpha"},{"units":500,"proof_types":[0,16,32],"name":"computation"},{"units":50,"proof_types":[0,48],"name":"random"}]}},"success":true,"level":"debug","message":"check bridge version body result","timestamp":"2019-03-13T00:22:39.735Z"}
{"level":"info","message":"connected to node type EthereumJS TestRPC/v2.4.0/ethereum-js","timestamp":"2019-03-13T00:22:40.102Z"}
{"level":"warn","message":"Using 0xb484322a5b53397d2922c41cd14d76205b83f8c8 to query contracts on your blockchain, make sure it is unlocked and do not use the same address to deploy your contracts","timestamp":"2019-03-13T00:22:40.559Z"}
{"level":"info","message":"deploying the oraclize connector contract...","timestamp":"2019-03-13T00:22:40.678Z"}
{"level":"info","message":"connector deployed to: 0xa6b465decf81033195637269269cd57638ae7246","timestamp":"2019-03-13T00:22:51.114Z"}
{"success":true,"connector":"0xa6b465decf81033195637269269cd57638ae7246","level":"debug","message":"connector deployment result","timestamp":"2019-03-13T00:22:51.114Z"}
{"level":"info","message":"deploying the address resolver with a deterministic address...","timestamp":"2019-03-13T00:22:51.232Z"}
{"level":"info","message":"address resolver (OAR) deployed to: 0x6f485c8bf6fc43ea212e93bbf8ce046c7f1cb475","timestamp":"2019-03-13T00:23:12.533Z"}
{"success":true,"oar":"0x6f485c8bf6fc43ea212e93bbf8ce046c7f1cb475","level":"debug","message":"OAR deployment result","timestamp":"2019-03-13T00:23:12.534Z"}
{"level":"info","message":"updating connector pricing...","timestamp":"2019-03-13T00:23:12.534Z"}
{"defaultnode":"http://localhost:8545","account":"9","gas":3700000,"confirmation":12,"disable-deterministic-oar":false,"loglevel":"info","non-interactive":false,"enable-stats":false,"no-hints":false,"gasprice":20000000000,"logFilePath":"./bridge.log","confirmations":12,"defaultGas":3700000,"level":"debug","message":"parsed options","timestamp":"2019-03-13T00:24:07.868Z"}
{"level":"info","message":"you are running ethereum-bridge - version: 0.6.2","timestamp":"2019-03-13T00:24:07.872Z"}
{"level":"info","message":"saving logs to: ./bridge.log","timestamp":"2019-03-13T00:24:07.872Z"}
{"level":"info","message":"using active mode","timestamp":"2019-03-13T00:24:07.872Z"}
{"level":"info","message":"Connecting to eth node http://localhost:8545","timestamp":"2019-03-13T00:24:07.873Z"}
{"result":{"quotes":{"ETH":0.00000277,"USD":0.001,"BTC":2.3e-7,"EUR":0.0008264},"deployments":{"ethereum":{"public-kovan":{"addressResolver":"0xB7A07BcF2Ba2f2703b24C0691b5278999C59AC7e"},"public-mainnet":{"addressResolver":"0x1d3B2638a7cC9f2CB3D298A3DA7a90B67E5506ed"},"public-ropsten3":{"addressResolver":"0xc03A2615D5efaf5F49F60B7BB6583eaec212fdf1"},"public-rinkeby":{"addressResolver":"0x146500cfd35B22E4A392Fe0aDc06De1a1368Ed48"}}},"distributions":{"rootstock-bridge":{"motd":"","latest":{"version":"0.5.4"}},"eris-bridge":{"motd":"","latest":{"version":"0.1.0"}},"blockapps-bridge":{"motd":"","latest":{"version":"0.5.4"}},"ethereum-bridge":{"motd":"","latest":{"version":"0.5.4"}}},"datasources":{"random":{"sessionPubKeysHash":["0xd937716ea46c0fb8f804f392eb5e00c2667262d1842017eae4f2202943ec1782"]}},"pricing":{"proofs":{"0":{"units":0,"description":"None"},"16":{"units":40,"description":"TLSNotary"},"32":{"units":40,"description":"Android"},"48":{"units":0,"description":"Ledger"}},"datasources":[{"units":10,"proof_types":[0],"name":"IPFS"},{"units":10,"proof_types":[0],"name":"swarm"},{"units":10,"proof_types":[0,16,32],"name":"URL"},{"units":10,"proof_types":[0],"name":"Blockchain"},{"units":10,"proof_types":[0,16,32],"name":"nested"},{"units":30,"proof_types":[0],"name":"WolframAlpha"},{"units":500,"proof_types":[0,16,32],"name":"computation"},{"units":50,"proof_types":[0,48],"name":"random"}]}},"success":true,"level":"debug","message":"check bridge version body result","timestamp":"2019-03-13T00:24:09.136Z"}
{"level":"info","message":"connected to node type EthereumJS TestRPC/v2.4.0/ethereum-js","timestamp":"2019-03-13T00:24:09.507Z"}
{"level":"warn","message":"Using 0x2374742d9bee3e796b8736d47f56736166f8b13b to query contracts on your blockchain, make sure it is unlocked and do not use the same address to deploy your contracts","timestamp":"2019-03-13T00:24:09.977Z"}
{"level":"info","message":"deploying the oraclize connector contract...","timestamp":"2019-03-13T00:24:10.100Z"}
{"level":"info","message":"connector deployed to: 0x01d980b71b22905f7b968569aa63aafe53e69661","timestamp":"2019-03-13T00:24:20.506Z"}
{"success":true,"connector":"0x01d980b71b22905f7b968569aa63aafe53e69661","level":"debug","message":"connector deployment result","timestamp":"2019-03-13T00:24:20.506Z"}
{"level":"info","message":"deploying the address resolver with a deterministic address...","timestamp":"2019-03-13T00:24:20.627Z"}
{"level":"info","message":"address resolver (OAR) deployed to: 0x6f485c8bf6fc43ea212e93bbf8ce046c7f1cb475","timestamp":"2019-03-13T00:24:41.901Z"}
{"success":true,"oar":"0x6f485c8bf6fc43ea212e93bbf8ce046c7f1cb475","level":"debug","message":"OAR deployment result","timestamp":"2019-03-13T00:24:41.901Z"}
{"level":"info","message":"updating connector pricing...","timestamp":"2019-03-13T00:24:41.902Z"}
{"level":"info","message":"successfully deployed all contracts","timestamp":"2019-03-13T00:24:52.741Z"}
{"success":true,"level":"debug","message":"pricing update result","timestamp":"2019-03-13T00:24:52.741Z"}
{"context_name":"eth_3C5D97C165","latest_block_number":-1,"oar":"0x6f485c8bf6fc43ea212e93bbf8ce046c7f1cb475","node":{"main":"http://localhost:8545","backup":[]},"contracts":{"connector":{"binary":"/usr/local/lib/node_modules/ethereum-bridge/contracts/binary/oraclizeConnector.binary","abi":"/usr/local/lib/node_modules/ethereum-bridge/contracts/abi/oraclizeConnector.json","source":"/usr/local/lib/node_modules/ethereum-bridge/contracts/ethereum-api/connectors/oraclizeConnector.sol"},"oar":{"binary":"/usr/local/lib/node_modules/ethereum-bridge/contracts/binary/addressResolver.binary","abi":"/usr/local/lib/node_modules/ethereum-bridge/contracts/abi/addressResolver.json","source":"/usr/local/lib/node_modules/ethereum-bridge/contracts/ethereum-api/connectors/addressResolver.sol"}},"deterministic_oar":true,"deploy_gas":3700000,"account":"0x2374742d9bee3e796b8736d47f56736166f8b13b","mode":"active","key_file":"/usr/local/lib/node_modules/ethereum-bridge/config/instance/keys.json","gas_price":20000000000,"onchain_config":{"pricing":[{"name":"IPFS","proof":0,"units":10},{"name":"IPFS","proof":1,"units":10},{"name":"swarm","proof":0,"units":10},{"name":"swarm","proof":1,"units":10},{"name":"URL","proof":0,"units":10},{"name":"URL","proof":1,"units":10},{"name":"URL","proof":16,"units":50},{"name":"URL","proof":17,"units":50},{"name":"URL","proof":32,"units":50},{"name":"URL","proof":33,"units":50},{"name":"Blockchain","proof":0,"units":10},{"name":"Blockchain","proof":1,"units":10},{"name":"nested","proof":0,"units":10},{"name":"nested","proof":1,"units":10},{"name":"nested","proof":16,"units":50},{"name":"nested","proof":17,"units":50},{"name":"nested","proof":32,"units":50},{"name":"nested","proof":33,"units":50},{"name":"WolframAlpha","proof":0,"units":30},{"name":"WolframAlpha","proof":1,"units":30},{"name":"computation","proof":0,"units":500},{"name":"computation","proof":1,"units":500},{"name":"computation","proof":16,"units":540},{"name":"computation","proof":17,"units":540},{"name":"computation","proof":32,"units":540},{"name":"computation","proof":33,"units":540},{"name":"random","proof":0,"units":50},{"name":"random","proof":1,"units":50},{"name":"random","proof":48,"units":50},{"name":"random","proof":49,"units":50}],"base_price":0.00000277},"connector":"0x01d980b71b22905f7b968569aa63aafe53e69661","level":"debug","message":"new oracle inline configuration","timestamp":"2019-03-13T00:24:52.741Z"}
{"level":"info","message":"instance configuration file saved to /usr/local/lib/node_modules/ethereum-bridge/config/instance/oracle_instance_20190313T012452.json","timestamp":"2019-03-13T00:24:52.747Z"}
{"level":"debug","message":"starting the bridge log manager...","timestamp":"2019-03-13T00:24:52.748Z"}
{"level":"debug","message":"latest block seen (config file) -1","timestamp":"2019-03-13T00:24:52.750Z"}
{"level":"warn","message":"re-org block listen is disabled while using TestRPC","timestamp":"2019-03-13T00:24:52.754Z"}
{"level":"warn","message":"if you are running a test suit with Truffle and TestRPC or your chain is reset often please use the --dev mode","timestamp":"2019-03-13T00:24:52.754Z"}
{"level":"info","message":"Listening @ 0x01d980b71b22905f7b968569aa63aafe53e69661 (Oraclize Connector)\n","timestamp":"2019-03-13T00:24:52.755Z"}
